# JRE version: OpenJDK Runtime Environment Temurin-17.0.1+12 (17.0.1+12) (build 17.0.1+12)
# Java VM: OpenJDK 64-Bit Server VM Temurin-17.0.1+12 (17.0.1+12, mixed mode, tiered, compressed oops, compressed class ptrs, g1 gc, windows-amd64)
GC Precious Log:
 CPUs: 8 total, 8 available
 Memory: 8025M
 Large Page Support: Disabled
 NUMA Support: Disabled
 Compressed Oops: Enabled (32-bit)
 Heap Region Size: 1M
 Heap Min Capacity: 8M
 Heap Initial Capacity: 126M
 Heap Max Capacity: 2008M
 Pre-touch: Disabled
 Parallel Workers: 8
 Concurrent Workers: 2
 Concurrent Refinement Workers: 8
 Periodic GC: Disabled
Heap:
 garbage-first heap   total 143360K, used 79771K [0x0000000082800000, 0x0000000100000000)
  region size 1024K, 5 young (5120K), 5 survivors (5120K)
 Metaspace       used 87373K, committed 87872K, reserved 1130496K
  class space    used 10253K, committed 10496K, reserved 1048576K
GC Heap History (20 events):
Event: 34.449 GC heap after
{Heap after GC invocations=55 (full 0):
 garbage-first heap   total 76800K, used 39678K [0x0000000082800000, 0x0000000100000000)
  region size 1024K, 3 young (3072K), 3 survivors (3072K)
 Metaspace       used 86468K, committed 86976K, reserved 1130496K
  class space    used 10205K, committed 10432K, reserved 1048576K
}
Event: 34.960 GC heap before
{Heap before GC invocations=55 (full 0):
 garbage-first heap   total 76800K, used 60158K [0x0000000082800000, 0x0000000100000000)
  region size 1024K, 25 young (25600K), 3 survivors (3072K)
 Metaspace       used 86908K, committed 87360K, reserved 1130496K
  class space    used 10237K, committed 10432K, reserved 1048576K
}
Event: 34.968 GC heap after
{Heap after GC invocations=56 (full 0):
 garbage-first heap   total 76800K, used 42407K [0x0000000082800000, 0x0000000100000000)
  region size 1024K, 4 young (4096K), 4 survivors (4096K)
 Metaspace       used 86908K, committed 87360K, reserved 1130496K
  class space    used 10237K, committed 10432K, reserved 1048576K
}
Event: 35.214 GC heap before
{Heap before GC invocations=57 (full 0):
 garbage-first heap   total 86016K, used 63911K [0x0000000082800000, 0x0000000100000000)
  region size 1024K, 25 young (25600K), 4 survivors (4096K)
 Metaspace       used 86965K, committed 87360K, reserved 1130496K
  class space    used 10237K, committed 10432K, reserved 1048576K
}
Event: 35.224 GC heap after
{Heap after GC invocations=58 (full 0):
 garbage-first heap   total 86016K, used 46643K [0x0000000082800000, 0x0000000100000000)
  region size 1024K, 4 young (4096K), 4 survivors (4096K)
 Metaspace       used 86965K, committed 87360K, reserved 1130496K
  class space    used 10237K, committed 10432K, reserved 1048576K
}
Event: 35.414 GC heap before
{Heap before GC invocations=58 (full 0):
 garbage-first heap   total 86016K, used 67123K [0x0000000082800000, 0x0000000100000000)
  region size 1024K, 25 young (25600K), 4 survivors (4096K)
 Metaspace       used 87024K, committed 87488K, reserved 1130496K
  class space    used 10239K, committed 10432K, reserved 1048576K
}
Event: 35.423 GC heap after
{Heap after GC invocations=59 (full 0):
 garbage-first heap   total 86016K, used 51177K [0x0000000082800000, 0x0000000100000000)
  region size 1024K, 4 young (4096K), 4 survivors (4096K)
 Metaspace       used 87024K, committed 87488K, reserved 1130496K
  class space    used 10239K, committed 10432K, reserved 1048576K
}
Event: 35.955 GC heap before
{Heap before GC invocations=60 (full 0):
 garbage-first heap   total 99328K, used 67561K [0x0000000082800000, 0x0000000100000000)
  region size 1024K, 21 young (21504K), 4 survivors (4096K)
 Metaspace       used 87218K, committed 87744K, reserved 1130496K
  class space    used 10251K, committed 10496K, reserved 1048576K
}
Event: 35.969 GC heap after
{Heap after GC invocations=61 (full 0):
 garbage-first heap   total 99328K, used 57335K [0x0000000082800000, 0x0000000100000000)
  region size 1024K, 3 young (3072K), 3 survivors (3072K)
 Metaspace       used 87218K, committed 87744K, reserved 1130496K
  class space    used 10251K, committed 10496K, reserved 1048576K
}
Event: 36.036 GC heap before
{Heap before GC invocations=61 (full 0):
 garbage-first heap   total 99328K, used 68599K [0x0000000082800000, 0x0000000100000000)
  region size 1024K, 15 young (15360K), 3 survivors (3072K)
 Metaspace       used 87231K, committed 87744K, reserved 1130496K
  class space    used 10251K, committed 10496K, reserved 1048576K
}
Event: 36.043 GC heap after
{Heap after GC invocations=62 (full 0):
 garbage-first heap   total 132096K, used 60668K [0x0000000082800000, 0x0000000100000000)
  region size 1024K, 3 young (3072K), 3 survivors (3072K)
 Metaspace       used 87231K, committed 87744K, reserved 1130496K
  class space    used 10251K, committed 10496K, reserved 1048576K
}
Event: 36.324 GC heap before
{Heap before GC invocations=62 (full 0):
 garbage-first heap   total 132096K, used 95484K [0x0000000082800000, 0x0000000100000000)
  region size 1024K, 37 young (37888K), 3 survivors (3072K)
 Metaspace       used 87274K, committed 87744K, reserved 1130496K
  class space    used 10251K, committed 10496K, reserved 1048576K
}
Event: 36.333 GC heap after
{Heap after GC invocations=63 (full 0):
 garbage-first heap   total 132096K, used 68353K [0x0000000082800000, 0x0000000100000000)
  region size 1024K, 5 young (5120K), 5 survivors (5120K)
 Metaspace       used 87274K, committed 87744K, reserved 1130496K
  class space    used 10251K, committed 10496K, reserved 1048576K
}
Event: 36.749 GC heap before
{Heap before GC invocations=63 (full 0):
 garbage-first heap   total 132096K, used 98049K [0x0000000082800000, 0x0000000100000000)
  region size 1024K, 35 young (35840K), 5 survivors (5120K)
 Metaspace       used 87309K, committed 87808K, reserved 1130496K
  class space    used 10251K, committed 10496K, reserved 1048576K
}
Event: 36.767 GC heap after
{Heap after GC invocations=64 (full 0):
 garbage-first heap   total 132096K, used 78052K [0x0000000082800000, 0x0000000100000000)
  region size 1024K, 5 young (5120K), 5 survivors (5120K)
 Metaspace       used 87309K, committed 87808K, reserved 1130496K
  class space    used 10251K, committed 10496K, reserved 1048576K
}
Event: 37.023 GC heap before
{Heap before GC invocations=65 (full 0):
 garbage-first heap   total 143360K, used 95460K [0x0000000082800000, 0x0000000100000000)
  region size 1024K, 27 young (27648K), 5 survivors (5120K)
 Metaspace       used 87320K, committed 87808K, reserved 1130496K
  class space    used 10251K, committed 10496K, reserved 1048576K
}
Event: 37.033 GC heap after
{Heap after GC invocations=66 (full 0):
 garbage-first heap   total 143360K, used 77824K [0x0000000082800000, 0x0000000100000000)
  region size 1024K, 4 young (4096K), 4 survivors (4096K)
 Metaspace       used 87320K, committed 87808K, reserved 1130496K
  class space    used 10251K, committed 10496K, reserved 1048576K
}
Event: 37.070 GC heap before
{Heap before GC invocations=66 (full 0):
 garbage-first heap   total 143360K, used 80896K [0x0000000082800000, 0x0000000100000000)
  region size 1024K, 7 young (7168K), 4 survivors (4096K)
 Metaspace       used 87320K, committed 87808K, reserved 1130496K
  class space    used 10251K, committed 10496K, reserved 1048576K
}
Event: 37.076 GC heap after
{Heap after GC invocations=67 (full 0):
 garbage-first heap   total 143360K, used 69930K [0x0000000082800000, 0x0000000100000000)
  region size 1024K, 1 young (1024K), 1 survivors (1024K)
 Metaspace       used 87320K, committed 87808K, reserved 1130496K
  class space    used 10251K, committed 10496K, reserved 1048576K
}
Event: 37.528 GC heap before
{Heap before GC invocations=67 (full 0):
 garbage-first heap   total 143360K, used 104746K [0x0000000082800000, 0x0000000100000000)
  region size 1024K, 35 young (35840K), 1 survivors (1024K)
 Metaspace       used 87373K, committed 87872K, reserved 1130496K
  class space    used 10253K, committed 10496K, reserved 1048576K
}

