# JRE version: OpenJDK Runtime Environment Temurin-17.0.1+12 (17.0.1+12) (build 17.0.1+12)
# Java VM: OpenJDK 64-Bit Server VM Temurin-17.0.1+12 (17.0.1+12, mixed mode, tiered, compressed oops, compressed class ptrs, g1 gc, windows-amd64)
GC Precious Log:
 CPUs: 8 total, 8 available
 Memory: 8025M
 Large Page Support: Disabled
 NUMA Support: Disabled
 Compressed Oops: Enabled (32-bit)
 Heap Region Size: 1M
 Heap Min Capacity: 8M
 Heap Initial Capacity: 126M
 Heap Max Capacity: 2008M
 Pre-touch: Disabled
 Parallel Workers: 8
 Concurrent Workers: 2
 Concurrent Refinement Workers: 8
 Periodic GC: Disabled
Heap:
 garbage-first heap   total 148480K, used 75102K [0x0000000082800000, 0x0000000100000000)
  region size 1024K, 10 young (10240K), 5 survivors (5120K)
 Metaspace       used 90038K, committed 90560K, reserved 1130496K
  class space    used 10553K, committed 10816K, reserved 1048576K
GC Heap History (20 events):
Event: 26.434 GC heap before
{Heap before GC invocations=38 (full 0):
 garbage-first heap   total 98304K, used 81674K [0x0000000082800000, 0x0000000100000000)
  region size 1024K, 51 young (52224K), 5 survivors (5120K)
 Metaspace       used 76983K, committed 77376K, reserved 1122304K
  class space    used 9090K, committed 9280K, reserved 1048576K
}
Event: 26.441 GC heap after
{Heap after GC invocations=39 (full 0):
 garbage-first heap   total 98304K, used 33481K [0x0000000082800000, 0x0000000100000000)
  region size 1024K, 3 young (3072K), 3 survivors (3072K)
 Metaspace       used 76983K, committed 77376K, reserved 1122304K
  class space    used 9090K, committed 9280K, reserved 1048576K
}
Event: 27.700 GC heap before
{Heap before GC invocations=39 (full 0):
 garbage-first heap   total 98304K, used 82633K [0x0000000082800000, 0x0000000100000000)
  region size 1024K, 51 young (52224K), 3 survivors (3072K)
 Metaspace       used 79460K, committed 79872K, reserved 1122304K
  class space    used 9408K, committed 9600K, reserved 1048576K
}
Event: 27.707 GC heap after
{Heap after GC invocations=40 (full 0):
 garbage-first heap   total 98304K, used 34036K [0x0000000082800000, 0x0000000100000000)
  region size 1024K, 4 young (4096K), 4 survivors (4096K)
 Metaspace       used 79460K, committed 79872K, reserved 1122304K
  class space    used 9408K, committed 9600K, reserved 1048576K
}
Event: 28.521 GC heap before
{Heap before GC invocations=40 (full 0):
 garbage-first heap   total 98304K, used 82164K [0x0000000082800000, 0x0000000100000000)
  region size 1024K, 51 young (52224K), 4 survivors (4096K)
 Metaspace       used 81810K, committed 82304K, reserved 1122304K
  class space    used 9648K, committed 9856K, reserved 1048576K
}
Event: 28.530 GC heap after
{Heap after GC invocations=41 (full 0):
 garbage-first heap   total 98304K, used 35393K [0x0000000082800000, 0x0000000100000000)
  region size 1024K, 5 young (5120K), 5 survivors (5120K)
 Metaspace       used 81810K, committed 82304K, reserved 1122304K
  class space    used 9648K, committed 9856K, reserved 1048576K
}
Event: 29.304 GC heap before
{Heap before GC invocations=41 (full 0):
 garbage-first heap   total 98304K, used 81473K [0x0000000082800000, 0x0000000100000000)
  region size 1024K, 50 young (51200K), 5 survivors (5120K)
 Metaspace       used 84180K, committed 84672K, reserved 1130496K
  class space    used 9932K, committed 10176K, reserved 1048576K
}
Event: 29.314 GC heap after
{Heap after GC invocations=42 (full 0):
 garbage-first heap   total 98304K, used 36499K [0x0000000082800000, 0x0000000100000000)
  region size 1024K, 5 young (5120K), 5 survivors (5120K)
 Metaspace       used 84180K, committed 84672K, reserved 1130496K
  class space    used 9932K, committed 10176K, reserved 1048576K
}
Event: 30.066 GC heap before
{Heap before GC invocations=42 (full 0):
 garbage-first heap   total 98304K, used 81555K [0x0000000082800000, 0x0000000100000000)
  region size 1024K, 49 young (50176K), 5 survivors (5120K)
 Metaspace       used 85951K, committed 86400K, reserved 1130496K
  class space    used 10140K, committed 10368K, reserved 1048576K
}
Event: 30.077 GC heap after
{Heap after GC invocations=43 (full 0):
 garbage-first heap   total 98304K, used 37545K [0x0000000082800000, 0x0000000100000000)
  region size 1024K, 5 young (5120K), 5 survivors (5120K)
 Metaspace       used 85951K, committed 86400K, reserved 1130496K
  class space    used 10140K, committed 10368K, reserved 1048576K
}
Event: 30.867 GC heap before
{Heap before GC invocations=43 (full 0):
 garbage-first heap   total 98304K, used 81577K [0x0000000082800000, 0x0000000100000000)
  region size 1024K, 48 young (49152K), 5 survivors (5120K)
 Metaspace       used 87808K, committed 88192K, reserved 1130496K
  class space    used 10370K, committed 10560K, reserved 1048576K
}
Event: 30.877 GC heap after
{Heap after GC invocations=44 (full 0):
 garbage-first heap   total 118784K, used 38738K [0x0000000082800000, 0x0000000100000000)
  region size 1024K, 4 young (4096K), 4 survivors (4096K)
 Metaspace       used 87808K, committed 88192K, reserved 1130496K
  class space    used 10370K, committed 10560K, reserved 1048576K
}
Event: 31.931 GC heap before
{Heap before GC invocations=44 (full 0):
 garbage-first heap   total 118784K, used 100178K [0x0000000082800000, 0x0000000100000000)
  region size 1024K, 63 young (64512K), 4 survivors (4096K)
 Metaspace       used 89665K, committed 90240K, reserved 1130496K
  class space    used 10538K, committed 10816K, reserved 1048576K
}
Event: 31.946 GC heap after
{Heap after GC invocations=45 (full 0):
 garbage-first heap   total 118784K, used 43594K [0x0000000082800000, 0x0000000100000000)
  region size 1024K, 8 young (8192K), 8 survivors (8192K)
 Metaspace       used 89665K, committed 90240K, reserved 1130496K
  class space    used 10538K, committed 10816K, reserved 1048576K
}
Event: 32.414 GC heap before
{Heap before GC invocations=45 (full 0):
 garbage-first heap   total 118784K, used 95818K [0x0000000082800000, 0x0000000100000000)
  region size 1024K, 60 young (61440K), 8 survivors (8192K)
 Metaspace       used 89872K, committed 90432K, reserved 1130496K
  class space    used 10548K, committed 10816K, reserved 1048576K
}
Event: 32.442 GC heap after
{Heap after GC invocations=46 (full 0):
 garbage-first heap   total 119808K, used 55936K [0x0000000082800000, 0x0000000100000000)
  region size 1024K, 8 young (8192K), 8 survivors (8192K)
 Metaspace       used 89872K, committed 90432K, reserved 1130496K
  class space    used 10548K, committed 10816K, reserved 1048576K
}
Event: 32.920 GC heap before
{Heap before GC invocations=46 (full 0):
 garbage-first heap   total 119808K, used 90752K [0x0000000082800000, 0x0000000100000000)
  region size 1024K, 42 young (43008K), 8 survivors (8192K)
 Metaspace       used 90012K, committed 90496K, reserved 1130496K
  class space    used 10553K, committed 10816K, reserved 1048576K
}
Event: 32.934 GC heap after
{Heap after GC invocations=47 (full 0):
 garbage-first heap   total 119808K, used 62308K [0x0000000082800000, 0x0000000100000000)
  region size 1024K, 6 young (6144K), 6 survivors (6144K)
 Metaspace       used 90012K, committed 90496K, reserved 1130496K
  class space    used 10553K, committed 10816K, reserved 1048576K
}
Event: 33.084 GC heap before
{Heap before GC invocations=47 (full 0):
 garbage-first heap   total 119808K, used 89956K [0x0000000082800000, 0x0000000100000000)
  region size 1024K, 34 young (34816K), 6 survivors (6144K)
 Metaspace       used 90024K, committed 90560K, reserved 1130496K
  class space    used 10553K, committed 10816K, reserved 1048576K
}
Event: 33.102 GC heap after
{Heap after GC invocations=48 (full 0):
 garbage-first heap   total 148480K, used 71006K [0x0000000082800000, 0x0000000100000000)
  region size 1024K, 5 young (5120K), 5 survivors (5120K)
 Metaspace       used 90024K, committed 90560K, reserved 1130496K
  class space    used 10553K, committed 10816K, reserved 1048576K
}

